<?xml version="1.0" encoding="UTF-8"?>
<!-- Generated by org.testng.reporters.JUnitXMLReporter -->
<testsuite hostname="amar" ignored="0" name="FirefoxTest" tests="3" failures="0" timestamp="2025-04-30T10:33:27 IST" time="17.17" errors="0">
  <testcase name="@BeforeMethod setup" time="16.917" classname="TestClasses.CheckoutPage2Test">
    <failure type="java.lang.Error" message="Unresolved compilation problems: 
	Duplicate field CheckoutPage2.checkoutBtn
	Duplicate field CheckoutPage2.checkoutBtn
">
      <![CDATA[java.lang.Error: Unresolved compilation problems: 
Duplicate field CheckoutPage2.checkoutBtn
Duplicate field CheckoutPage2.checkoutBtn

at Page.CheckoutPage2.<init>(CheckoutPage2.java:16)
at TestClasses.CheckoutPage2Test.setup(CheckoutPage2Test.java:50)
at java.util.ArrayList.forEach(Unknown Source)
at java.util.concurrent.FutureTask.run(Unknown Source)
at java.util.concurrent.ThreadPoolExecutor.runWorker(Unknown Source)
at java.util.concurrent.ThreadPoolExecutor$Worker.run(Unknown Source)
at java.lang.Thread.run(Unknown Source)
... Removed 22 stack frames]]>
    </failure>
  </testcase> <!-- @BeforeMethod setup -->
  <testcase name="@AfterMethod closeBrowser" time="-1.74598940758E9" classname="TestClasses.CheckoutPage2Test">
    <skipped/>
  </testcase> <!-- @AfterMethod closeBrowser -->
  <testcase name="@BeforeMethod setup" time="-1.745989407586E9" classname="TestClasses.CheckoutPage2Test">
    <skipped/>
  </testcase> <!-- @BeforeMethod setup -->
  <testcase name="@AfterMethod closeBrowser" time="-1.745989407659E9" classname="TestClasses.CheckoutPage2Test">
    <skipped/>
  </testcase> <!-- @AfterMethod closeBrowser -->
  <testcase name="@BeforeMethod setup" time="-1.745989407667E9" classname="TestClasses.CheckoutPage2Test">
    <skipped/>
  </testcase> <!-- @BeforeMethod setup -->
  <testcase name="@AfterMethod closeBrowser" time="-1.745989407752E9" classname="TestClasses.CheckoutPage2Test">
    <skipped/>
  </testcase> <!-- @AfterMethod closeBrowser -->
  <testcase name="VerifyCheckoutLabelTest" time="0.0" classname="TestClasses.CheckoutPage2Test">
    <skipped/>
  </testcase> <!-- VerifyCheckoutLabelTest -->
  <testcase name="verifyCustomerInfoTest" time="0.017" classname="TestClasses.CheckoutPage2Test">
    <skipped/>
  </testcase> <!-- verifyCustomerInfoTest -->
  <testcase name="verifyFinishPageTest" time="0.0" classname="TestClasses.CheckoutPage2Test">
    <skipped/>
  </testcase> <!-- verifyFinishPageTest -->
</testsuite> <!-- FirefoxTest -->
