<?xml version="1.0" encoding="UTF-8"?>
<!-- Generated by org.testng.reporters.JUnitXMLReporter -->
<testsuite hostname="amar" ignored="0" name="Test" tests="4" failures="4" timestamp="2025-04-19T11:37:00 IST" time="33.996" errors="0">
  <testcase name="login" time="0.006" classname="TestClasses.CheckoutPage2Test">
    <failure type="java.lang.NullPointerException">
      <![CDATA[java.lang.NullPointerException
at TestClasses.CheckoutPage2Test.login(CheckoutPage2Test.java:63)
at java.util.ArrayList.forEach(Unknown Source)
... Removed 27 stack frames]]>
    </failure>
  </testcase> <!-- login -->
  <testcase name="login" time="0.005" classname="TestClasses.CheckoutPage2Test">
    <failure type="java.lang.NullPointerException">
      <![CDATA[java.lang.NullPointerException
at TestClasses.CheckoutPage2Test.login(CheckoutPage2Test.java:63)
at java.util.ArrayList.forEach(Unknown Source)
... Removed 27 stack frames]]>
    </failure>
  </testcase> <!-- login -->
  <testcase name="login" time="0.002" classname="TestClasses.CheckoutPage2Test">
    <failure type="java.lang.NullPointerException">
      <![CDATA[java.lang.NullPointerException
at TestClasses.CheckoutPage2Test.login(CheckoutPage2Test.java:63)
at java.util.ArrayList.forEach(Unknown Source)
... Removed 27 stack frames]]>
    </failure>
  </testcase> <!-- login -->
  <testcase name="login" time="0.005" classname="TestClasses.CheckoutPage2Test">
    <failure type="java.lang.NullPointerException">
      <![CDATA[java.lang.NullPointerException
at TestClasses.CheckoutPage2Test.login(CheckoutPage2Test.java:63)
at java.util.ArrayList.forEach(Unknown Source)
... Removed 27 stack frames]]>
    </failure>
  </testcase> <!-- login -->
</testsuite> <!-- Test -->
