<?xml version="1.0" encoding="UTF-8"?>
<!-- Generated by org.testng.reporters.JUnitXMLReporter -->
<testsuite hostname="amar" ignored="0" name="Test" tests="4" failures="0" timestamp="2025-03-04T15:05:28 IST" time="166.196" errors="0">
  <testcase name="verifyLoginPageURLTest" time="4.836" classname="TestClasses.LoginPageTest"/>
  <testcase name="verifyTitleTest" time="0.018" classname="TestClasses.LoginPageTest"/>
  <testcase name="verifySwagLabLogoTest" time="0.199" classname="TestClasses.LoginPageTest"/>
  <testcase name="verifyLoginTest" time="8.469" classname="TestClasses.LoginPageTest"/>
</testsuite> <!-- Test -->
