<?xml version="1.0" encoding="UTF-8"?>
<testng-results skipped="0" failed="1" ignored="0" total="4" passed="3">
  <reporter-output>
    <line>
      <![CDATA[actual String: https://www.saucedemo.com/cart.html]]>
    </line>
    <line>
      <![CDATA[actual count: 2]]>
    </line>
  </reporter-output>
  <suite name="Default suite" duration-ms="40253" started-at="2025-04-01T23:08:26 IST" finished-at="2025-04-01T23:09:06 IST">
    <groups>
      <group name="sanity">
        <method signature="InventoryPageTest.verifyMenuButtonTest()[pri:0, instance:TestClasses.InventoryPageTest@1563da5]" name="verifyMenuButtonTest" class="TestClasses.InventoryPageTest"/>
        <method signature="InventoryPageTest.verifyProductsLogoTest()[pri:0, instance:TestClasses.InventoryPageTest@1563da5]" name="verifyProductsLogoTest" class="TestClasses.InventoryPageTest"/>
      </group> <!-- sanity -->
    </groups>
    <test name="Default test" duration-ms="40253" started-at="2025-04-01T23:08:26 IST" finished-at="2025-04-01T23:09:06 IST">
      <class name="TestClasses.InventoryPageTest">
        <test-method status="PASS" signature="setup()[pri:0, instance:TestClasses.InventoryPageTest@1563da5]" name="setup" is-config="true" duration-ms="13453" started-at="2025-04-01T23:08:26 IST" finished-at="2025-04-01T23:08:40 IST">
          <reporter-output>
          </reporter-output>
        </test-method> <!-- setup -->
        <test-method status="PASS" signature="verifyCartFunctionalityTest()[pri:0, instance:TestClasses.InventoryPageTest@1563da5]" name="verifyCartFunctionalityTest" duration-ms="111" started-at="2025-04-01T23:08:40 IST" finished-at="2025-04-01T23:08:40 IST">
          <reporter-output>
            <line>
              <![CDATA[actual String: https://www.saucedemo.com/cart.html]]>
            </line>
          </reporter-output>
        </test-method> <!-- verifyCartFunctionalityTest -->
        <test-method status="PASS" signature="closeBrowser(org.testng.ITestResult)[pri:0, instance:TestClasses.InventoryPageTest@1563da5]" name="closeBrowser" is-config="true" duration-ms="177" started-at="2025-04-01T23:08:40 IST" finished-at="2025-04-01T23:08:40 IST">
          <params>
            <param index="0">
              <value>
                <![CDATA[[TestResult name=verifyCartFunctionalityTest status=SUCCESS method=InventoryPageTest.verifyCartFunctionalityTest()[pri:0, instance:TestClasses.InventoryPageTest@1563da5] output=actual String: https://www.saucedemo.com/cart.html]]]>
              </value>
            </param>
          </params>
          <reporter-output>
          </reporter-output>
        </test-method> <!-- closeBrowser -->
        <test-method status="PASS" signature="setup()[pri:0, instance:TestClasses.InventoryPageTest@1563da5]" name="setup" is-config="true" duration-ms="8007" started-at="2025-04-01T23:08:40 IST" finished-at="2025-04-01T23:08:48 IST">
          <reporter-output>
          </reporter-output>
        </test-method> <!-- setup -->
        <test-method status="FAIL" signature="verifyMenuButtonTest()[pri:0, instance:TestClasses.InventoryPageTest@1563da5]" name="verifyMenuButtonTest" duration-ms="129" started-at="2025-04-01T23:08:48 IST" finished-at="2025-04-01T23:08:48 IST">
          <exception class="java.lang.AssertionError">
            <message>
              <![CDATA[expected [false] but found [true]]]>
            </message>
            <full-stacktrace>
              <![CDATA[java.lang.AssertionError: expected [false] but found [true]
at org.testng.Assert.fail(Assert.java:97)
at org.testng.Assert.assertEqualsImpl(Assert.java:136)
at org.testng.Assert.assertEquals(Assert.java:118)
at org.testng.Assert.assertEquals(Assert.java:751)
at org.testng.Assert.assertEquals(Assert.java:761)
at TestClasses.InventoryPageTest.verifyMenuButtonTest(InventoryPageTest.java:54)
at sun.reflect.NativeMethodAccessorImpl.invoke0(Native Method)
at sun.reflect.NativeMethodAccessorImpl.invoke(Unknown Source)
at sun.reflect.DelegatingMethodAccessorImpl.invoke(Unknown Source)
at java.lang.reflect.Method.invoke(Unknown Source)
at org.testng.internal.MethodInvocationHelper.invokeMethod(MethodInvocationHelper.java:133)
at org.testng.internal.TestInvoker.invokeMethod(TestInvoker.java:584)
at org.testng.internal.TestInvoker.invokeTestMethod(TestInvoker.java:172)
at org.testng.internal.MethodRunner.runInSequence(MethodRunner.java:46)
at org.testng.internal.TestInvoker$MethodInvocationAgent.invoke(TestInvoker.java:804)
at org.testng.internal.TestInvoker.invokeTestMethods(TestInvoker.java:145)
at org.testng.internal.TestMethodWorker.invokeTestMethods(TestMethodWorker.java:146)
at org.testng.internal.TestMethodWorker.run(TestMethodWorker.java:128)
at java.util.ArrayList.forEach(Unknown Source)
at org.testng.TestRunner.privateRun(TestRunner.java:770)
at org.testng.TestRunner.run(TestRunner.java:591)
at org.testng.SuiteRunner.runTest(SuiteRunner.java:402)
at org.testng.SuiteRunner.runSequentially(SuiteRunner.java:396)
at org.testng.SuiteRunner.privateRun(SuiteRunner.java:355)
at org.testng.SuiteRunner.run(SuiteRunner.java:304)
at org.testng.SuiteRunnerWorker.runSuite(SuiteRunnerWorker.java:53)
at org.testng.SuiteRunnerWorker.run(SuiteRunnerWorker.java:96)
at org.testng.TestNG.runSuitesSequentially(TestNG.java:1180)
at org.testng.TestNG.runSuitesLocally(TestNG.java:1102)
at org.testng.TestNG.runSuites(TestNG.java:1032)
at org.testng.TestNG.run(TestNG.java:1000)
at org.testng.remote.AbstractRemoteTestNG.run(AbstractRemoteTestNG.java:115)
at org.testng.remote.RemoteTestNG.initAndRun(RemoteTestNG.java:251)
at org.testng.remote.RemoteTestNG.main(RemoteTestNG.java:77)
]]>
            </full-stacktrace>
          </exception> <!-- java.lang.AssertionError -->
          <reporter-output>
          </reporter-output>
        </test-method> <!-- verifyMenuButtonTest -->
        <test-method status="PASS" signature="closeBrowser(org.testng.ITestResult)[pri:0, instance:TestClasses.InventoryPageTest@1563da5]" name="closeBrowser" is-config="true" duration-ms="357" started-at="2025-04-01T23:08:48 IST" finished-at="2025-04-01T23:08:48 IST">
          <params>
            <param index="0">
              <value>
                <![CDATA[[TestResult name=verifyMenuButtonTest status=FAILURE method=InventoryPageTest.verifyMenuButtonTest()[pri:0, instance:TestClasses.InventoryPageTest@1563da5] output={null}]]]>
              </value>
            </param>
          </params>
          <reporter-output>
          </reporter-output>
        </test-method> <!-- closeBrowser -->
        <test-method status="PASS" signature="setup()[pri:0, instance:TestClasses.InventoryPageTest@1563da5]" name="setup" is-config="true" duration-ms="8413" started-at="2025-04-01T23:08:48 IST" finished-at="2025-04-01T23:08:57 IST">
          <reporter-output>
          </reporter-output>
        </test-method> <!-- setup -->
        <test-method status="PASS" signature="verifyProductsLogoTest()[pri:0, instance:TestClasses.InventoryPageTest@1563da5]" name="verifyProductsLogoTest" duration-ms="50" started-at="2025-04-01T23:08:57 IST" finished-at="2025-04-01T23:08:57 IST">
          <reporter-output>
          </reporter-output>
        </test-method> <!-- verifyProductsLogoTest -->
        <test-method status="PASS" signature="closeBrowser(org.testng.ITestResult)[pri:0, instance:TestClasses.InventoryPageTest@1563da5]" name="closeBrowser" is-config="true" duration-ms="124" started-at="2025-04-01T23:08:57 IST" finished-at="2025-04-01T23:08:57 IST">
          <params>
            <param index="0">
              <value>
                <![CDATA[[TestResult name=verifyProductsLogoTest status=SUCCESS method=InventoryPageTest.verifyProductsLogoTest()[pri:0, instance:TestClasses.InventoryPageTest@1563da5] output={null}]]]>
              </value>
            </param>
          </params>
          <reporter-output>
          </reporter-output>
        </test-method> <!-- closeBrowser -->
        <test-method status="PASS" signature="setup()[pri:0, instance:TestClasses.InventoryPageTest@1563da5]" name="setup" is-config="true" duration-ms="8803" started-at="2025-04-01T23:08:57 IST" finished-at="2025-04-01T23:09:06 IST">
          <reporter-output>
          </reporter-output>
        </test-method> <!-- setup -->
        <test-method status="PASS" signature="verifySortTest()[pri:0, instance:TestClasses.InventoryPageTest@1563da5]" name="verifySortTest" duration-ms="392" started-at="2025-04-01T23:09:06 IST" finished-at="2025-04-01T23:09:06 IST">
          <reporter-output>
            <line>
              <![CDATA[actual count: 2]]>
            </line>
          </reporter-output>
        </test-method> <!-- verifySortTest -->
        <test-method status="PASS" signature="closeBrowser(org.testng.ITestResult)[pri:0, instance:TestClasses.InventoryPageTest@1563da5]" name="closeBrowser" is-config="true" duration-ms="179" started-at="2025-04-01T23:09:06 IST" finished-at="2025-04-01T23:09:06 IST">
          <params>
            <param index="0">
              <value>
                <![CDATA[[TestResult name=verifySortTest status=SUCCESS method=InventoryPageTest.verifySortTest()[pri:0, instance:TestClasses.InventoryPageTest@1563da5] output=actual count: 2]]]>
              </value>
            </param>
          </params>
          <reporter-output>
          </reporter-output>
        </test-method> <!-- closeBrowser -->
      </class> <!-- TestClasses.InventoryPageTest -->
    </test> <!-- Default test -->
  </suite> <!-- Default suite -->
</testng-results>
