<?xml version="1.0" encoding="UTF-8"?>
<!-- Generated by org.testng.reporters.JUnitReportReporter -->
<testsuite skipped="0" hostname="amar" name="TestClasses.CartPageTest" tests="4" failures="0" timestamp="2025-05-03T09:15:59 IST" time="105.944" errors="0">
  <testcase name="verifyContinueBtnTest" time="19.783" classname="TestClasses.CartPageTest"/>
  <system-out/>
  <testcase name="verifyCartCountTest" time="15.242" classname="TestClasses.CartPageTest"/>
  <system-out/>
  <testcase name="verifyAppLogoTest" time="55.591" classname="TestClasses.CartPageTest"/>
  <system-out/>
  <testcase name="verifyCheckoutPage1Test" time="15.328" classname="TestClasses.CartPageTest"/>
  <system-out/>
</testsuite> <!-- TestClasses.CartPageTest -->
