<?xml version="1.0" encoding="UTF-8"?>
<!-- Generated by org.testng.reporters.JUnitReportReporter -->
<testsuite skipped="0" hostname="amar" name="TestClasses.CheckoutPage1Test" tests="4" failures="0" timestamp="2025-05-03T09:21:57 IST" time="74.605" errors="0">
  <testcase name="verifyCancelButtonTest" time="21.891" classname="TestClasses.CheckoutPage1Test"/>
  <system-out/>
  <testcase name="verifyYourInfoLogoTest" time="19.073" classname="TestClasses.CheckoutPage1Test"/>
  <system-out/>
  <testcase name="verifyCartLogoCountTest" time="15.155" classname="TestClasses.CheckoutPage1Test"/>
  <system-out/>
  <testcase name="verifyCustomerInfoTest" time="18.486" classname="TestClasses.CheckoutPage1Test"/>
  <system-out/>
</testsuite> <!-- TestClasses.CheckoutPage1Test -->
