<?xml version="1.0" encoding="UTF-8"?>
<!-- Generated by org.testng.reporters.JUnitReportReporter -->
<testsuite skipped="0" hostname="amar" name="TestClasses.InventoryPageTest" tests="4" failures="0" timestamp="2025-04-15T00:24:21 IST" time="42.649" errors="0">
  <testcase name="verifyProductsLogoTest" time="13.490" classname="TestClasses.InventoryPageTest"/>
  <testcase name="verifySortTest" time="9.301" classname="TestClasses.InventoryPageTest"/>
  <testcase name="verifyCartFunctionalityTest" time="9.050" classname="TestClasses.InventoryPageTest"/>
  <testcase name="verifyMenuButtonTest" time="10.808" classname="TestClasses.InventoryPageTest"/>
</testsuite> <!-- TestClasses.InventoryPageTest -->
