<?xml version="1.0" encoding="UTF-8"?>
<!-- Generated by org.testng.reporters.JUnitReportReporter -->
<testsuite skipped="9" hostname="amar" name="TestClasses.CheckoutPage2Test" tests="12" failures="0" timestamp="2025-04-30T10:33:28 IST" time="50.764" errors="3">
  <testcase name="verifyCustomerInfoTest" time="0.000" classname="TestClasses.CheckoutPage2Test">
    <skipped/>
  </testcase> <!-- verifyCustomerInfoTest -->
  <system-out/>
  <testcase name="VerifyCheckoutLabelTest" time="0.000" classname="TestClasses.CheckoutPage2Test">
    <skipped/>
  </testcase> <!-- VerifyCheckoutLabelTest -->
  <system-out/>
  <testcase name="verifyFinishPageTest" time="0.000" classname="TestClasses.CheckoutPage2Test">
    <skipped/>
  </testcase> <!-- verifyFinishPageTest -->
  <system-out/>
  <testcase name="verifyFinishPageTest" time="0.000" classname="TestClasses.CheckoutPage2Test">
    <skipped/>
  </testcase> <!-- verifyFinishPageTest -->
  <system-out/>
  <testcase name="setup" time="16.917" classname="TestClasses.CheckoutPage2Test">
    <error type="java.lang.Error" message="Unresolved compilation problems: 
	Duplicate field CheckoutPage2.checkoutBtn
	Duplicate field CheckoutPage2.checkoutBtn
">
      <![CDATA[java.lang.Error: Unresolved compilation problems: 
Duplicate field CheckoutPage2.checkoutBtn
Duplicate field CheckoutPage2.checkoutBtn

at Page.CheckoutPage2.<init>(CheckoutPage2.java:16)
at TestClasses.CheckoutPage2Test.setup(CheckoutPage2Test.java:50)
at sun.reflect.NativeMethodAccessorImpl.invoke0(Native Method)
at sun.reflect.NativeMethodAccessorImpl.invoke(Unknown Source)
at sun.reflect.DelegatingMethodAccessorImpl.invoke(Unknown Source)
at java.lang.reflect.Method.invoke(Unknown Source)
at org.testng.internal.MethodInvocationHelper.invokeMethod(MethodInvocationHelper.java:133)
at org.testng.internal.MethodInvocationHelper.invokeMethodConsideringTimeout(MethodInvocationHelper.java:62)
at org.testng.internal.ConfigInvoker.invokeConfigurationMethod(ConfigInvoker.java:385)
at org.testng.internal.ConfigInvoker.invokeConfigurations(ConfigInvoker.java:321)
at org.testng.internal.TestInvoker.runConfigMethods(TestInvoker.java:700)
at org.testng.internal.TestInvoker.invokeMethod(TestInvoker.java:527)
at org.testng.internal.TestInvoker.invokeTestMethod(TestInvoker.java:173)
at org.testng.internal.MethodRunner.runInSequence(MethodRunner.java:46)
at org.testng.internal.TestInvoker$MethodInvocationAgent.invoke(TestInvoker.java:824)
at org.testng.internal.TestInvoker.invokeTestMethods(TestInvoker.java:146)
at org.testng.internal.TestMethodWorker.invokeTestMethods(TestMethodWorker.java:146)
at org.testng.internal.TestMethodWorker.run(TestMethodWorker.java:128)
at java.util.ArrayList.forEach(Unknown Source)
at org.testng.TestRunner.privateRun(TestRunner.java:794)
at org.testng.TestRunner.run(TestRunner.java:596)
at org.testng.SuiteRunner.runTest(SuiteRunner.java:377)
at org.testng.SuiteRunner.access$000(SuiteRunner.java:28)
at org.testng.SuiteRunner$SuiteWorker.run(SuiteRunner.java:418)
at org.testng.internal.thread.ThreadUtil.lambda$execute$0(ThreadUtil.java:64)
at java.util.concurrent.FutureTask.run(Unknown Source)
at java.util.concurrent.ThreadPoolExecutor.runWorker(Unknown Source)
at java.util.concurrent.ThreadPoolExecutor$Worker.run(Unknown Source)
at java.lang.Thread.run(Unknown Source)
]]>
    </error>
  </testcase> <!-- setup -->
  <system-out/>
  <testcase name="setup" time="16.913" classname="TestClasses.CheckoutPage2Test">
    <error type="java.lang.Error" message="Unresolved compilation problems: 
	Duplicate field CheckoutPage2.checkoutBtn
	Duplicate field CheckoutPage2.checkoutBtn
">
      <![CDATA[java.lang.Error: Unresolved compilation problems: 
Duplicate field CheckoutPage2.checkoutBtn
Duplicate field CheckoutPage2.checkoutBtn

at Page.CheckoutPage2.<init>(CheckoutPage2.java:16)
at TestClasses.CheckoutPage2Test.setup(CheckoutPage2Test.java:50)
at sun.reflect.NativeMethodAccessorImpl.invoke0(Native Method)
at sun.reflect.NativeMethodAccessorImpl.invoke(Unknown Source)
at sun.reflect.DelegatingMethodAccessorImpl.invoke(Unknown Source)
at java.lang.reflect.Method.invoke(Unknown Source)
at org.testng.internal.MethodInvocationHelper.invokeMethod(MethodInvocationHelper.java:133)
at org.testng.internal.MethodInvocationHelper.invokeMethodConsideringTimeout(MethodInvocationHelper.java:62)
at org.testng.internal.ConfigInvoker.invokeConfigurationMethod(ConfigInvoker.java:385)
at org.testng.internal.ConfigInvoker.invokeConfigurations(ConfigInvoker.java:321)
at org.testng.internal.TestInvoker.runConfigMethods(TestInvoker.java:700)
at org.testng.internal.TestInvoker.invokeMethod(TestInvoker.java:527)
at org.testng.internal.TestInvoker.invokeTestMethod(TestInvoker.java:173)
at org.testng.internal.MethodRunner.runInSequence(MethodRunner.java:46)
at org.testng.internal.TestInvoker$MethodInvocationAgent.invoke(TestInvoker.java:824)
at org.testng.internal.TestInvoker.invokeTestMethods(TestInvoker.java:146)
at org.testng.internal.TestMethodWorker.invokeTestMethods(TestMethodWorker.java:146)
at org.testng.internal.TestMethodWorker.run(TestMethodWorker.java:128)
at java.util.ArrayList.forEach(Unknown Source)
at org.testng.TestRunner.privateRun(TestRunner.java:794)
at org.testng.TestRunner.run(TestRunner.java:596)
at org.testng.SuiteRunner.runTest(SuiteRunner.java:377)
at org.testng.SuiteRunner.access$000(SuiteRunner.java:28)
at org.testng.SuiteRunner$SuiteWorker.run(SuiteRunner.java:418)
at org.testng.internal.thread.ThreadUtil.lambda$execute$0(ThreadUtil.java:64)
at java.util.concurrent.FutureTask.run(Unknown Source)
at java.util.concurrent.ThreadPoolExecutor.runWorker(Unknown Source)
at java.util.concurrent.ThreadPoolExecutor$Worker.run(Unknown Source)
at java.lang.Thread.run(Unknown Source)
]]>
    </error>
  </testcase> <!-- setup -->
  <system-out/>
  <testcase name="VerifyCheckoutLabelTest" time="0.000" classname="TestClasses.CheckoutPage2Test">
    <skipped/>
  </testcase> <!-- VerifyCheckoutLabelTest -->
  <system-out/>
  <testcase name="verifyCustomerInfoTest" time="0.017" classname="TestClasses.CheckoutPage2Test">
    <skipped/>
  </testcase> <!-- verifyCustomerInfoTest -->
  <system-out/>
  <testcase name="verifyCustomerInfoTest" time="0.000" classname="TestClasses.CheckoutPage2Test">
    <skipped/>
  </testcase> <!-- verifyCustomerInfoTest -->
  <system-out/>
  <testcase name="setup" time="16.917" classname="TestClasses.CheckoutPage2Test">
    <error type="java.lang.Error" message="Unresolved compilation problems: 
	Duplicate field CheckoutPage2.checkoutBtn
	Duplicate field CheckoutPage2.checkoutBtn
">
      <![CDATA[java.lang.Error: Unresolved compilation problems: 
Duplicate field CheckoutPage2.checkoutBtn
Duplicate field CheckoutPage2.checkoutBtn

at Page.CheckoutPage2.<init>(CheckoutPage2.java:16)
at TestClasses.CheckoutPage2Test.setup(CheckoutPage2Test.java:50)
at sun.reflect.NativeMethodAccessorImpl.invoke0(Native Method)
at sun.reflect.NativeMethodAccessorImpl.invoke(Unknown Source)
at sun.reflect.DelegatingMethodAccessorImpl.invoke(Unknown Source)
at java.lang.reflect.Method.invoke(Unknown Source)
at org.testng.internal.MethodInvocationHelper.invokeMethod(MethodInvocationHelper.java:133)
at org.testng.internal.MethodInvocationHelper.invokeMethodConsideringTimeout(MethodInvocationHelper.java:62)
at org.testng.internal.ConfigInvoker.invokeConfigurationMethod(ConfigInvoker.java:385)
at org.testng.internal.ConfigInvoker.invokeConfigurations(ConfigInvoker.java:321)
at org.testng.internal.TestInvoker.runConfigMethods(TestInvoker.java:700)
at org.testng.internal.TestInvoker.invokeMethod(TestInvoker.java:527)
at org.testng.internal.TestInvoker.invokeTestMethod(TestInvoker.java:173)
at org.testng.internal.MethodRunner.runInSequence(MethodRunner.java:46)
at org.testng.internal.TestInvoker$MethodInvocationAgent.invoke(TestInvoker.java:824)
at org.testng.internal.TestInvoker.invokeTestMethods(TestInvoker.java:146)
at org.testng.internal.TestMethodWorker.invokeTestMethods(TestMethodWorker.java:146)
at org.testng.internal.TestMethodWorker.run(TestMethodWorker.java:128)
at java.util.ArrayList.forEach(Unknown Source)
at org.testng.TestRunner.privateRun(TestRunner.java:794)
at org.testng.TestRunner.run(TestRunner.java:596)
at org.testng.SuiteRunner.runTest(SuiteRunner.java:377)
at org.testng.SuiteRunner.access$000(SuiteRunner.java:28)
at org.testng.SuiteRunner$SuiteWorker.run(SuiteRunner.java:418)
at org.testng.internal.thread.ThreadUtil.lambda$execute$0(ThreadUtil.java:64)
at java.util.concurrent.FutureTask.run(Unknown Source)
at java.util.concurrent.ThreadPoolExecutor.runWorker(Unknown Source)
at java.util.concurrent.ThreadPoolExecutor$Worker.run(Unknown Source)
at java.lang.Thread.run(Unknown Source)
]]>
    </error>
  </testcase> <!-- setup -->
  <system-out/>
  <testcase name="VerifyCheckoutLabelTest" time="0.000" classname="TestClasses.CheckoutPage2Test">
    <skipped/>
  </testcase> <!-- VerifyCheckoutLabelTest -->
  <system-out/>
  <testcase name="verifyFinishPageTest" time="0.000" classname="TestClasses.CheckoutPage2Test">
    <skipped/>
  </testcase> <!-- verifyFinishPageTest -->
  <system-out/>
</testsuite> <!-- TestClasses.CheckoutPage2Test -->
